  main.cpp
C:\Users\USER\Documents\data-structure-lab-2024\Chap02_Array_Class1\Chap02_Array\SmartHome.h(18,9): error C2143: 구문 오류: ';'이(가) 'this' 앞에 없습니다.
  (소스 파일 'main.cpp'을(를) 컴파일하는 중)
  
C:\Users\USER\Documents\data-structure-lab-2024\Chap02_Array_Class1\Chap02_Array\SmartHome.h(18,9): error C2059: 구문 오류: 'this'
  (소스 파일 'main.cpp'을(를) 컴파일하는 중)
  
C:\Users\USER\Documents\data-structure-lab-2024\Chap02_Array_Class1\Chap02_Array\SmartHome.h(18,28): error C2238: ';' 앞에 예기치 않은 토큰이 있습니다.
  (소스 파일 'main.cpp'을(를) 컴파일하는 중)
  
C:\Users\USER\Documents\data-structure-lab-2024\Chap02_Array_Class1\Chap02_Array\SmartHome.h(19,9): error C2059: 구문 오류: 'this'
  (소스 파일 'main.cpp'을(를) 컴파일하는 중)
  
C:\Users\USER\Documents\data-structure-lab-2024\Chap02_Array_Class1\Chap02_Array\SmartHome.h(19,40): error C2238: ';' 앞에 예기치 않은 토큰이 있습니다.
  (소스 파일 'main.cpp'을(를) 컴파일하는 중)
  
C:\Users\USER\Documents\data-structure-lab-2024\Chap02_Array_Class1\Chap02_Array\SmartHome.h(20,9): error C2059: 구문 오류: 'this'
  (소스 파일 'main.cpp'을(를) 컴파일하는 중)
  
C:\Users\USER\Documents\data-structure-lab-2024\Chap02_Array_Class1\Chap02_Array\SmartHome.h(20,34): error C2238: ';' 앞에 예기치 않은 토큰이 있습니다.
  (소스 파일 'main.cpp'을(를) 컴파일하는 중)
  
C:\Users\USER\Documents\data-structure-lab-2024\Chap02_Array_Class1\Chap02_Array\SmartHome.h(21,9): error C2059: 구문 오류: 'this'
  (소스 파일 'main.cpp'을(를) 컴파일하는 중)
  
C:\Users\USER\Documents\data-structure-lab-2024\Chap02_Array_Class1\Chap02_Array\SmartHome.h(21,34): error C2238: ';' 앞에 예기치 않은 토큰이 있습니다.
  (소스 파일 'main.cpp'을(를) 컴파일하는 중)
  
C:\Users\USER\Documents\data-structure-lab-2024\Chap02_Array_Class1\Chap02_Array\SmartHome.h(32,5): error C2628: 'SmartHome' 다음에 'void'이(가) 올 수 없습니다. ';'이 있어야 합니다.
  (소스 파일 'main.cpp'을(를) 컴파일하는 중)
  
C:\Users\USER\Documents\data-structure-lab-2024\Chap02_Array_Class1\Chap02_Array\SmartHome.h(33,9): error C2355: 'this': 비정적 멤버 함수 또는 비정적 데이터 멤버 이니셜라이저 안에서만 참조할 수 있습니다.
  (소스 파일 'main.cpp'을(를) 컴파일하는 중)
  
C:\Users\USER\Documents\data-structure-lab-2024\Chap02_Array_Class1\Chap02_Array\SmartHome.h(36,9): error C2355: 'this': 비정적 멤버 함수 또는 비정적 데이터 멤버 이니셜라이저 안에서만 참조할 수 있습니다.
  (소스 파일 'main.cpp'을(를) 컴파일하는 중)
  
C:\Users\USER\Documents\data-structure-lab-2024\Chap02_Array_Class1\Chap02_Array\SmartHome.h(39,9): error C2355: 'this': 비정적 멤버 함수 또는 비정적 데이터 멤버 이니셜라이저 안에서만 참조할 수 있습니다.
  (소스 파일 'main.cpp'을(를) 컴파일하는 중)
  
C:\Users\USER\Documents\data-structure-lab-2024\Chap02_Array_Class1\Chap02_Array\SmartHome.h(42,16): error C2355: 'this': 비정적 멤버 함수 또는 비정적 데이터 멤버 이니셜라이저 안에서만 참조할 수 있습니다.
  (소스 파일 'main.cpp'을(를) 컴파일하는 중)
  
C:\Users\USER\Documents\data-structure-lab-2024\Chap02_Array_Class1\Chap02_Array\SmartHome.h(45,16): error C2355: 'this': 비정적 멤버 함수 또는 비정적 데이터 멤버 이니셜라이저 안에서만 참조할 수 있습니다.
  (소스 파일 'main.cpp'을(를) 컴파일하는 중)
  
C:\Users\USER\Documents\data-structure-lab-2024\Chap02_Array_Class1\Chap02_Array\SmartHome.h(48,16): error C2355: 'this': 비정적 멤버 함수 또는 비정적 데이터 멤버 이니셜라이저 안에서만 참조할 수 있습니다.
  (소스 파일 'main.cpp'을(를) 컴파일하는 중)
  
C:\Users\USER\Documents\data-structure-lab-2024\Chap02_Array_Class1\Chap02_Array\SmartHome.h(51,16): error C2355: 'this': 비정적 멤버 함수 또는 비정적 데이터 멤버 이니셜라이저 안에서만 참조할 수 있습니다.
  (소스 파일 'main.cpp'을(를) 컴파일하는 중)
  
C:\Users\USER\Documents\data-structure-lab-2024\Chap02_Array_Class1\Chap02_Array\SmartHome.h(54,34): error C2355: 'this': 비정적 멤버 함수 또는 비정적 데이터 멤버 이니셜라이저 안에서만 참조할 수 있습니다.
  (소스 파일 'main.cpp'을(를) 컴파일하는 중)
  
C:\Users\USER\Documents\data-structure-lab-2024\Chap02_Array_Class1\Chap02_Array\SmartHome.h(55,31): error C2355: 'this': 비정적 멤버 함수 또는 비정적 데이터 멤버 이니셜라이저 안에서만 참조할 수 있습니다.
  (소스 파일 'main.cpp'을(를) 컴파일하는 중)
  
C:\Users\USER\Documents\data-structure-lab-2024\Chap02_Array_Class1\Chap02_Array\SmartHome.h(56,31): error C2355: 'this': 비정적 멤버 함수 또는 비정적 데이터 멤버 이니셜라이저 안에서만 참조할 수 있습니다.
  (소스 파일 'main.cpp'을(를) 컴파일하는 중)
  
C:\Users\USER\Documents\data-structure-lab-2024\Chap02_Array_Class1\Chap02_Array\SmartHome.h(57,13): error C2355: 'this': 비정적 멤버 함수 또는 비정적 데이터 멤버 이니셜라이저 안에서만 참조할 수 있습니다.
  (소스 파일 'main.cpp'을(를) 컴파일하는 중)
  
C:\Users\USER\Documents\data-structure-lab-2024\Chap02_Array_Class1\Chap02_Array\SmartHome.h(64,1): error C2059: 구문 오류: '}'
  (소스 파일 'main.cpp'을(를) 컴파일하는 중)
  
C:\Users\USER\Documents\data-structure-lab-2024\Chap02_Array_Class1\Chap02_Array\SmartHome.h(64,1): error C2143: 구문 오류: ';'이(가) '}' 앞에 없습니다.
  (소스 파일 'main.cpp'을(를) 컴파일하는 중)
  
C:\Users\USER\Documents\data-structure-lab-2024\Chap02_Array_Class1\Chap02_Array\main.cpp(57,17): error C2059: 구문 오류: '>'
C:\Users\USER\Documents\data-structure-lab-2024\Chap02_Array_Class1\Chap02_Array\main.cpp(58,6): error C2065: 'artistResult': 선언되지 않은 식별자입니다.
C:\Users\USER\Documents\data-structure-lab-2024\Chap02_Array_Class1\Chap02_Array\main.cpp(59,23): error C2065: 'artistResult': 선언되지 않은 식별자입니다.
C:\Users\USER\Documents\data-structure-lab-2024\Chap02_Array_Class1\Chap02_Array\main.cpp(60,23): error C2065: 'artistResult': 선언되지 않은 식별자입니다.
C:\Users\USER\Documents\data-structure-lab-2024\Chap02_Array_Class1\Chap02_Array\main.cpp(61,12): error C2065: 'artistResult': 선언되지 않은 식별자입니다.
C:\Users\USER\Documents\data-structure-lab-2024\Chap02_Array_Class1\Chap02_Array\main.cpp(68,1): error C1004: 예기치 않은 파일의 끝이 나타났습니다.
